<?xml version="1.0" encoding="UTF-8"?>
<!-- Generated by org.testng.reporters.JUnitReportReporter -->
<testsuite skipped="0" hostname="LTB0215499-Mac.local" name="tests.TodayWeatherTests" tests="1" failures="0" timestamp="27 Oct 2020 11:48:12 GMT" time="16.864" errors="0">
  <testcase name="getNVerifyCurrentWeather" time="16.864" classname="tests.TodayWeatherTests"/>
</testsuite> <!-- tests.TodayWeatherTests -->
